0 info it worked if it ends with ok
1 verbose cli [ 'd:\\nodejs\\node.exe',
1 verbose cli   'd:\\nodejs\\node_modules\\npm\\bin\\npm-cli.js',
1 verbose cli   'install' ]
2 info using npm@1.4.28
3 info using node@v0.10.33
4 verbose readDependencies using package.json deps
5 verbose install where, deps [ 'e:\\Code\\Node.js\\ChatRoom',
5 verbose install   [ 'easyrtc', 'express', 'socket.io' ] ]
6 info preinstall easyrtc_server_example@0.1.6
7 verbose readDependencies using package.json deps
8 verbose cache add [ 'easyrtc@1.0.x', null ]
9 verbose cache add name=undefined spec="easyrtc@1.0.x" args=["easyrtc@1.0.x",null]
10 verbose parsed url { protocol: null,
10 verbose parsed url   slashes: null,
10 verbose parsed url   auth: null,
10 verbose parsed url   host: null,
10 verbose parsed url   port: null,
10 verbose parsed url   hostname: null,
10 verbose parsed url   hash: null,
10 verbose parsed url   search: null,
10 verbose parsed url   query: null,
10 verbose parsed url   pathname: 'easyrtc@1.0.x',
10 verbose parsed url   path: 'easyrtc@1.0.x',
10 verbose parsed url   href: 'easyrtc@1.0.x' }
11 verbose cache add [ 'express@*', null ]
12 verbose cache add name=undefined spec="express@*" args=["express@*",null]
13 verbose parsed url { protocol: null,
13 verbose parsed url   slashes: null,
13 verbose parsed url   auth: null,
13 verbose parsed url   host: null,
13 verbose parsed url   port: null,
13 verbose parsed url   hostname: null,
13 verbose parsed url   hash: null,
13 verbose parsed url   search: null,
13 verbose parsed url   query: null,
13 verbose parsed url   pathname: 'express@*',
13 verbose parsed url   path: 'express@*',
13 verbose parsed url   href: 'express@*' }
14 verbose cache add [ 'socket.io@0.9.x', null ]
15 verbose cache add name=undefined spec="socket.io@0.9.x" args=["socket.io@0.9.x",null]
16 verbose parsed url { protocol: null,
16 verbose parsed url   slashes: null,
16 verbose parsed url   auth: null,
16 verbose parsed url   host: null,
16 verbose parsed url   port: null,
16 verbose parsed url   hostname: null,
16 verbose parsed url   hash: null,
16 verbose parsed url   search: null,
16 verbose parsed url   query: null,
16 verbose parsed url   pathname: 'socket.io@0.9.x',
16 verbose parsed url   path: 'socket.io@0.9.x',
16 verbose parsed url   href: 'socket.io@0.9.x' }
17 verbose cache add name="easyrtc" spec="1.0.x" args=["easyrtc","1.0.x"]
18 verbose parsed url { protocol: null,
18 verbose parsed url   slashes: null,
18 verbose parsed url   auth: null,
18 verbose parsed url   host: null,
18 verbose parsed url   port: null,
18 verbose parsed url   hostname: null,
18 verbose parsed url   hash: null,
18 verbose parsed url   search: null,
18 verbose parsed url   query: null,
18 verbose parsed url   pathname: '1.0.x',
18 verbose parsed url   path: '1.0.x',
18 verbose parsed url   href: '1.0.x' }
19 verbose addNamed [ 'easyrtc', '1.0.x' ]
20 verbose addNamed [ null, '>=1.0.0-0 <1.1.0-0' ]
21 verbose cache add name="express" spec="*" args=["express","*"]
22 verbose parsed url { protocol: null,
22 verbose parsed url   slashes: null,
22 verbose parsed url   auth: null,
22 verbose parsed url   host: null,
22 verbose parsed url   port: null,
22 verbose parsed url   hostname: null,
22 verbose parsed url   hash: null,
22 verbose parsed url   search: null,
22 verbose parsed url   query: null,
22 verbose parsed url   pathname: '*',
22 verbose parsed url   path: '*',
22 verbose parsed url   href: '*' }
23 verbose addNamed [ 'express', '*' ]
24 verbose addNamed [ null, '*' ]
25 verbose cache add name="socket.io" spec="0.9.x" args=["socket.io","0.9.x"]
26 verbose parsed url { protocol: null,
26 verbose parsed url   slashes: null,
26 verbose parsed url   auth: null,
26 verbose parsed url   host: null,
26 verbose parsed url   port: null,
26 verbose parsed url   hostname: null,
26 verbose parsed url   hash: null,
26 verbose parsed url   search: null,
26 verbose parsed url   query: null,
26 verbose parsed url   pathname: '0.9.x',
26 verbose parsed url   path: '0.9.x',
26 verbose parsed url   href: '0.9.x' }
27 verbose addNamed [ 'socket.io', '0.9.x' ]
28 verbose addNamed [ null, '>=0.9.0-0 <0.10.0-0' ]
29 silly lockFile 3bb3c541-easyrtc-1-0-x easyrtc@1.0.x
30 verbose lock easyrtc@1.0.x C:\Users\yjst1_000\AppData\Roaming\npm-cache\3bb3c541-easyrtc-1-0-x.lock
31 silly lockFile 8ad1ad64-express express@*
32 verbose lock express@* C:\Users\yjst1_000\AppData\Roaming\npm-cache\8ad1ad64-express.lock
33 silly lockFile 4eb97b2b-socket-io-0-9-x socket.io@0.9.x
34 verbose lock socket.io@0.9.x C:\Users\yjst1_000\AppData\Roaming\npm-cache\4eb97b2b-socket-io-0-9-x.lock
35 silly addNameRange { name: 'easyrtc', range: '>=1.0.0-0 <1.1.0-0', hasData: false }
36 silly addNameRange { name: 'express', range: '*', hasData: false }
37 silly addNameRange { name: 'socket.io',
37 silly addNameRange   range: '>=0.9.0-0 <0.10.0-0',
37 silly addNameRange   hasData: false }
38 verbose request where is /easyrtc
39 verbose request registry https://registry.npmjs.org/
40 verbose request id 2b513a004854e18e
41 verbose url raw /easyrtc
42 verbose url resolving [ 'https://registry.npmjs.org/', './easyrtc' ]
43 verbose url resolved https://registry.npmjs.org/easyrtc
44 verbose request where is https://registry.npmjs.org/easyrtc
45 info trying registry request attempt 1 at 19:37:08
46 verbose etag "D4FTDHJ9ROIVD831XFYVP91JM"
47 http GET https://registry.npmjs.org/easyrtc
48 verbose request where is /socket.io
49 verbose request registry https://registry.npmjs.org/
50 verbose url raw /socket.io
51 verbose url resolving [ 'https://registry.npmjs.org/', './socket.io' ]
52 verbose url resolved https://registry.npmjs.org/socket.io
53 verbose request where is https://registry.npmjs.org/socket.io
54 info trying registry request attempt 1 at 19:37:08
55 verbose etag "DV0K50QJHC1O0IO96V413O7B1"
56 http GET https://registry.npmjs.org/socket.io
57 verbose request where is /express
58 verbose request registry https://registry.npmjs.org/
59 verbose url raw /express
60 verbose url resolving [ 'https://registry.npmjs.org/', './express' ]
61 verbose url resolved https://registry.npmjs.org/express
62 verbose request where is https://registry.npmjs.org/express
63 info trying registry request attempt 1 at 19:37:08
64 verbose etag "5I78X29PM6NLS5POI87DVX5XD"
65 http GET https://registry.npmjs.org/express
66 http 304 https://registry.npmjs.org/express
67 silly registry.get cb [ 304,
67 silly registry.get   { date: 'Mon, 01 Dec 2014 11:37:00 GMT',
67 silly registry.get     server: 'Apache',
67 silly registry.get     via: '1.1 varnish',
67 silly registry.get     'last-modified': 'Mon, 01 Dec 2014 11:37:01 GMT',
67 silly registry.get     'cache-control': 'max-age=60',
67 silly registry.get     etag: '"5I78X29PM6NLS5POI87DVX5XD"',
67 silly registry.get     age: '0',
67 silly registry.get     'x-served-by': 'cache-lax1432-LAX',
67 silly registry.get     'x-cache': 'HIT',
67 silly registry.get     'x-cache-hits': '1',
67 silly registry.get     'x-timer': 'S1417433820.900846,VS0,VE176',
67 silly registry.get     vary: 'Accept',
67 silly registry.get     'content-length': '0',
67 silly registry.get     'keep-alive': 'timeout=10, max=50',
67 silly registry.get     connection: 'Keep-Alive' } ]
68 verbose etag https://registry.npmjs.org/express from cache
69 silly addNameRange number 2 { name: 'express', range: '*', hasData: true }
70 silly addNameRange versions [ 'express',
70 silly addNameRange   [ '0.14.0',
70 silly addNameRange     '0.14.1',
70 silly addNameRange     '1.0.0',
70 silly addNameRange     '1.0.1',
70 silly addNameRange     '1.0.2',
70 silly addNameRange     '1.0.3',
70 silly addNameRange     '1.0.4',
70 silly addNameRange     '1.0.5',
70 silly addNameRange     '1.0.6',
70 silly addNameRange     '1.0.7',
70 silly addNameRange     '1.0.8',
70 silly addNameRange     '2.0.0',
70 silly addNameRange     '2.1.0',
70 silly addNameRange     '2.1.1',
70 silly addNameRange     '2.2.0',
70 silly addNameRange     '2.2.1',
70 silly addNameRange     '2.2.2',
70 silly addNameRange     '2.3.0',
70 silly addNameRange     '2.3.1',
70 silly addNameRange     '2.3.2',
70 silly addNameRange     '2.3.3',
70 silly addNameRange     '2.3.4',
70 silly addNameRange     '2.3.5',
70 silly addNameRange     '2.3.6',
70 silly addNameRange     '2.3.7',
70 silly addNameRange     '2.3.8',
70 silly addNameRange     '2.3.9',
70 silly addNameRange     '2.3.10',
70 silly addNameRange     '2.3.11',
70 silly addNameRange     '2.3.12',
70 silly addNameRange     '2.4.0',
70 silly addNameRange     '2.4.1',
70 silly addNameRange     '2.4.2',
70 silly addNameRange     '2.4.3',
70 silly addNameRange     '2.4.4',
70 silly addNameRange     '2.4.5',
70 silly addNameRange     '2.4.6',
70 silly addNameRange     '2.4.7',
70 silly addNameRange     '2.5.0',
70 silly addNameRange     '2.5.1',
70 silly addNameRange     '2.5.2',
70 silly addNameRange     '2.5.3',
70 silly addNameRange     '2.5.4',
70 silly addNameRange     '2.5.5',
70 silly addNameRange     '2.5.6',
70 silly addNameRange     '2.5.7',
70 silly addNameRange     '2.5.8',
70 silly addNameRange     '2.5.9',
70 silly addNameRange     '2.5.10',
70 silly addNameRange     '2.5.11',
70 silly addNameRange     '3.0.0',
70 silly addNameRange     '3.0.1',
70 silly addNameRange     '3.0.2',
70 silly addNameRange     '3.0.3',
70 silly addNameRange     '3.0.4',
70 silly addNameRange     '3.0.5',
70 silly addNameRange     '3.0.6',
70 silly addNameRange     '3.1.0',
70 silly addNameRange     '3.1.1',
70 silly addNameRange     '3.1.2',
70 silly addNameRange     '3.2.0',
70 silly addNameRange     '3.2.1',
70 silly addNameRange     '3.2.2',
70 silly addNameRange     '3.2.3',
70 silly addNameRange     '3.2.4',
70 silly addNameRange     '3.2.5',
70 silly addNameRange     '3.2.6',
70 silly addNameRange     '3.3.0',
70 silly addNameRange     '3.3.1',
70 silly addNameRange     '3.3.2',
70 silly addNameRange     '3.3.3',
70 silly addNameRange     '3.3.4',
70 silly addNameRange     '3.3.5',
70 silly addNameRange     '3.3.6',
70 silly addNameRange     '1.0.0-beta',
70 silly addNameRange     '1.0.0-beta2',
70 silly addNameRange     '1.0.0-rc',
70 silly addNameRange     '1.0.0-rc2',
70 silly addNameRange     '1.0.0-rc3',
70 silly addNameRange     '1.0.0-rc4',
70 silly addNameRange     '2.0.0-beta',
70 silly addNameRange     '2.0.0-beta2',
70 silly addNameRange     '2.0.0-beta3',
70 silly addNameRange     '2.0.0-rc',
70 silly addNameRange     '2.0.0-rc2',
70 silly addNameRange     '2.0.0-rc3',
70 silly addNameRange     '3.0.0-alpha1',
70 silly addNameRange     '3.0.0-alpha2',
70 silly addNameRange     '3.0.0-alpha3',
70 silly addNameRange     '3.0.0-alpha4',
70 silly addNameRange     '3.0.0-alpha5',
70 silly addNameRange     '3.0.0-beta1',
70 silly addNameRange     '3.0.0-beta2',
70 silly addNameRange     '3.0.0-beta3',
70 silly addNameRange     '3.0.0-beta4',
70 silly addNameRange     '3.0.0-beta6',
70 silly addNameRange     '3.0.0-beta7',
70 silly addNameRange     '3.0.0-rc1',
70 silly addNameRange     '3.0.0-rc2',
70 silly addNameRange     '3.0.0-rc3',
70 silly addNameRange     '3.0.0-rc4',
70 silly addNameRange     '3.0.0-rc5',
70 silly addNameRange     '3.3.7',
70 silly addNameRange     '3.3.8',
70 silly addNameRange     '3.4.0',
70 silly addNameRange     '3.4.1',
70 silly addNameRange     '3.4.2',
70 silly addNameRange     '3.4.3',
70 silly addNameRange     '3.4.4',
70 silly addNameRange     '3.4.5',
70 silly addNameRange     '3.4.6',
70 silly addNameRange     '3.4.7',
70 silly addNameRange     '3.4.8',
70 silly addNameRange     '4.0.0-rc1',
70 silly addNameRange     '4.0.0-rc2',
70 silly addNameRange     '3.5.0',
70 silly addNameRange     '4.0.0-rc3',
70 silly addNameRange     '4.0.0-rc4',
70 silly addNameRange     '3.5.1',
70 silly addNameRange     '4.0.0',
70 silly addNameRange     '3.5.2',
70 silly addNameRange     '4.1.0',
70 silly addNameRange     '4.1.1',
70 silly addNameRange     '3.5.3',
70 silly addNameRange     '4.1.2',
70 silly addNameRange     '3.6.0',
70 silly addNameRange     '4.2.0',
70 silly addNameRange     '3.7.0',
70 silly addNameRange     '3.8.0',
70 silly addNameRange     '4.3.0',
70 silly addNameRange     '4.3.1',
70 silly addNameRange     '3.8.1',
70 silly addNameRange     '4.3.2',
70 silly addNameRange     '3.9.0',
70 silly addNameRange     '4.4.0',
70 silly addNameRange     '4.4.1',
70 silly addNameRange     '3.10.0',
70 silly addNameRange     '3.10.1',
70 silly addNameRange     '3.10.2',
70 silly addNameRange     '3.10.3',
70 silly addNameRange     '3.10.4',
70 silly addNameRange     '4.4.2',
70 silly addNameRange     '3.10.5',
70 silly addNameRange     '4.4.3',
70 silly addNameRange     '3.11.0',
70 silly addNameRange     '4.4.4',
70 silly addNameRange     '3.12.0',
70 silly addNameRange     '3.12.1',
70 silly addNameRange     '4.4.5',
70 silly addNameRange     '3.13.0',
70 silly addNameRange     '4.5.0',
70 silly addNameRange     '4.5.1',
70 silly addNameRange     '3.14.0',
70 silly addNameRange     '4.6.0',
70 silly addNameRange     '4.6.1',
70 silly addNameRange     '3.15.0',
70 silly addNameRange     '4.7.0',
70 silly addNameRange     '3.15.1',
70 silly addNameRange     '4.7.1',
70 silly addNameRange     '3.15.2',
70 silly addNameRange     '4.7.2',
70 silly addNameRange     '4.7.3',
70 silly addNameRange     '3.15.3',
70 silly addNameRange     '4.7.4',
70 silly addNameRange     '3.16.0',
70 silly addNameRange     '4.8.0',
70 silly addNameRange     '3.16.1',
70 silly addNameRange     '4.8.1',
70 silly addNameRange     '3.16.2',
70 silly addNameRange     '4.8.2',
70 silly addNameRange     '3.16.3',
70 silly addNameRange     '3.16.4',
70 silly addNameRange     '4.8.3',
70 silly addNameRange     '3.16.5',
70 silly addNameRange     '3.16.6',
70 silly addNameRange     '4.8.4',
70 silly addNameRange     '3.16.7',
70 silly addNameRange     '4.8.5',
70 silly addNameRange     '3.16.8',
70 silly addNameRange     '4.8.6',
70 silly addNameRange     '3.16.9',
70 silly addNameRange     '4.8.7',
70 silly addNameRange     '3.16.10',
70 silly addNameRange     '4.8.8',
70 silly addNameRange     '3.17.0',
70 silly addNameRange     '3.17.1',
70 silly addNameRange     '4.9.0',
70 silly addNameRange     '3.17.2',
70 silly addNameRange     '4.9.1',
70 silly addNameRange     '4.9.2',
70 silly addNameRange     '3.17.3',
70 silly addNameRange     '4.9.3',
70 silly addNameRange     '3.17.4',
70 silly addNameRange     '4.9.4',
70 silly addNameRange     '3.17.5',
70 silly addNameRange     '4.9.5',
70 silly addNameRange     '3.17.6',
70 silly addNameRange     '3.17.7',
70 silly addNameRange     '4.9.6',
70 silly addNameRange     '4.9.7',
70 silly addNameRange     '3.17.8',
70 silly addNameRange     '4.9.8',
70 silly addNameRange     '3.18.0',
70 silly addNameRange     '3.18.1',
70 silly addNameRange     '4.10.0',
70 silly addNameRange     '3.18.2',
70 silly addNameRange     '4.10.1',
70 silly addNameRange     '5.0.0-alpha.1',
70 silly addNameRange     '3.18.3',
70 silly addNameRange     '4.10.2',
70 silly addNameRange     '3.18.4',
70 silly addNameRange     '4.10.3',
70 silly addNameRange     '4.10.4' ] ]
71 verbose addNamed [ 'express', '4.10.4' ]
72 verbose addNamed [ '4.10.4', '4.10.4' ]
73 silly lockFile c05f2c08-express-4-10-4 express@4.10.4
74 verbose lock express@4.10.4 C:\Users\yjst1_000\AppData\Roaming\npm-cache\c05f2c08-express-4-10-4.lock
75 silly lockFile 65e17ce9-s-org-express-express-4-10-4-tgz https://registry.npmjs.org/express/-/express-4.10.4.tgz
76 verbose lock https://registry.npmjs.org/express/-/express-4.10.4.tgz C:\Users\yjst1_000\AppData\Roaming\npm-cache\65e17ce9-s-org-express-express-4-10-4-tgz.lock
77 verbose addRemoteTarball [ 'https://registry.npmjs.org/express/-/express-4.10.4.tgz',
77 verbose addRemoteTarball   '31aa70acdad6b6093945c30523df8537336deb58' ]
78 info retry fetch attempt 1 at 19:37:09
79 verbose fetch to= C:\Users\YJST1_~1\AppData\Local\Temp\npm-8788-cVQgD12s\registry.npmjs.org\express\-\express-4.10.4.tgz
80 http GET https://registry.npmjs.org/express/-/express-4.10.4.tgz
81 http 304 https://registry.npmjs.org/socket.io
82 silly registry.get cb [ 304,
82 silly registry.get   { date: 'Mon, 01 Dec 2014 11:37:02 GMT',
82 silly registry.get     server: 'Apache',
82 silly registry.get     via: '1.1 varnish',
82 silly registry.get     'last-modified': 'Mon, 01 Dec 2014 11:37:02 GMT',
82 silly registry.get     'cache-control': 'max-age=60',
82 silly registry.get     etag: '"DV0K50QJHC1O0IO96V413O7B1"',
82 silly registry.get     age: '50',
82 silly registry.get     'x-served-by': 'cache-lax1433-LAX',
82 silly registry.get     'x-cache': 'HIT',
82 silly registry.get     'x-cache-hits': '1',
82 silly registry.get     'x-timer': 'S1417433822.244275,VS0,VE0',
82 silly registry.get     vary: 'Accept',
82 silly registry.get     'content-length': '0',
82 silly registry.get     'keep-alive': 'timeout=10, max=50',
82 silly registry.get     connection: 'Keep-Alive' } ]
83 verbose etag https://registry.npmjs.org/socket.io from cache
84 silly addNameRange number 2 { name: 'socket.io',
84 silly addNameRange   range: '>=0.9.0-0 <0.10.0-0',
84 silly addNameRange   hasData: true }
85 silly addNameRange versions [ 'socket.io',
85 silly addNameRange   [ '0.3.8',
85 silly addNameRange     '0.4.0',
85 silly addNameRange     '0.4.1',
85 silly addNameRange     '0.5.1',
85 silly addNameRange     '0.5.3',
85 silly addNameRange     '0.6.0',
85 silly addNameRange     '0.6.1',
85 silly addNameRange     '0.6.3',
85 silly addNameRange     '0.6.4',
85 silly addNameRange     '0.6.5',
85 silly addNameRange     '0.6.6',
85 silly addNameRange     '0.6.7',
85 silly addNameRange     '0.6.8',
85 silly addNameRange     '0.6.9',
85 silly addNameRange     '0.6.10',
85 silly addNameRange     '0.6.11',
85 silly addNameRange     '0.6.12',
85 silly addNameRange     '0.6.14',
85 silly addNameRange     '0.6.15',
85 silly addNameRange     '0.6.16',
85 silly addNameRange     '0.6.17',
85 silly addNameRange     '0.6.18',
85 silly addNameRange     '0.7.0',
85 silly addNameRange     '0.7.1',
85 silly addNameRange     '0.7.2',
85 silly addNameRange     '0.7.3',
85 silly addNameRange     '0.7.4',
85 silly addNameRange     '0.7.5',
85 silly addNameRange     '0.7.6',
85 silly addNameRange     '0.7.7',
85 silly addNameRange     '0.7.8',
85 silly addNameRange     '0.7.9',
85 silly addNameRange     '0.7.10',
85 silly addNameRange     '0.7.11',
85 silly addNameRange     '0.8.0',
85 silly addNameRange     '0.8.1',
85 silly addNameRange     '0.8.2',
85 silly addNameRange     '0.8.3',
85 silly addNameRange     '0.8.4',
85 silly addNameRange     '0.8.5',
85 silly addNameRange     '0.8.6',
85 silly addNameRange     '0.8.7',
85 silly addNameRange     '0.9.0',
85 silly addNameRange     '0.9.1',
85 silly addNameRange     '0.9.1-1',
85 silly addNameRange     '0.9.2',
85 silly addNameRange     '0.9.3',
85 silly addNameRange     '0.9.4',
85 silly addNameRange     '0.9.5',
85 silly addNameRange     '0.9.6',
85 silly addNameRange     '0.9.7',
85 silly addNameRange     '0.9.8',
85 silly addNameRange     '0.9.9',
85 silly addNameRange     '0.9.10',
85 silly addNameRange     '0.9.11',
85 silly addNameRange     '0.9.12',
85 silly addNameRange     '0.9.13',
85 silly addNameRange     '0.9.14',
85 silly addNameRange     '0.9.15',
85 silly addNameRange     '0.9.16',
85 silly addNameRange     '1.0.0-pre',
85 silly addNameRange     '1.0.0-pre2',
85 silly addNameRange     '1.0.0-pre3',
85 silly addNameRange     '1.0.0-pre4',
85 silly addNameRange     '1.0.0-pre5',
85 silly addNameRange     '0.9.17',
85 silly addNameRange     '1.0.0',
85 silly addNameRange     '1.0.1',
85 silly addNameRange     '1.0.2',
85 silly addNameRange     '1.0.3',
85 silly addNameRange     '1.0.4',
85 silly addNameRange     '1.0.5',
85 silly addNameRange     '1.0.6',
85 silly addNameRange     '1.1.0',
85 silly addNameRange     '1.2.0',
85 silly addNameRange     '1.2.1' ] ]
86 verbose addNamed [ 'socket.io', '0.9.17' ]
87 verbose addNamed [ '0.9.17', '0.9.17' ]
88 silly lockFile 1593240a-socket-io-0-9-17 socket.io@0.9.17
89 verbose lock socket.io@0.9.17 C:\Users\yjst1_000\AppData\Roaming\npm-cache\1593240a-socket-io-0-9-17.lock
90 http 200 https://registry.npmjs.org/express/-/express-4.10.4.tgz
91 silly lockFile 1593240a-socket-io-0-9-17 socket.io@0.9.17
92 silly lockFile 1593240a-socket-io-0-9-17 socket.io@0.9.17
93 silly lockFile 4eb97b2b-socket-io-0-9-x socket.io@0.9.x
94 silly lockFile 4eb97b2b-socket-io-0-9-x socket.io@0.9.x
95 http 304 https://registry.npmjs.org/easyrtc
96 silly registry.get cb [ 304,
96 silly registry.get   { date: 'Mon, 01 Dec 2014 11:37:02 GMT',
96 silly registry.get     server: 'Apache',
96 silly registry.get     via: '1.1 varnish',
96 silly registry.get     'last-modified': 'Mon, 01 Dec 2014 11:37:02 GMT',
96 silly registry.get     'cache-control': 'max-age=60',
96 silly registry.get     etag: '"D4FTDHJ9ROIVD831XFYVP91JM"',
96 silly registry.get     age: '0',
96 silly registry.get     'x-served-by': 'cache-lax1427-LAX',
96 silly registry.get     'x-cache': 'MISS',
96 silly registry.get     'x-cache-hits': '0',
96 silly registry.get     'x-timer': 'S1417433822.120070,VS0,VE307',
96 silly registry.get     vary: 'Accept',
96 silly registry.get     'content-length': '0',
96 silly registry.get     'keep-alive': 'timeout=10, max=50',
96 silly registry.get     connection: 'Keep-Alive' } ]
97 verbose etag https://registry.npmjs.org/easyrtc from cache
98 silly addNameRange number 2 { name: 'easyrtc', range: '>=1.0.0-0 <1.1.0-0', hasData: true }
99 silly addNameRange versions [ 'easyrtc',
99 silly addNameRange   [ '0.5.0',
99 silly addNameRange     '0.6.0',
99 silly addNameRange     '0.7.0',
99 silly addNameRange     '0.8.0',
99 silly addNameRange     '0.9.0',
99 silly addNameRange     '0.10.2-alpha',
99 silly addNameRange     '0.10.3-alpha',
99 silly addNameRange     '0.10.4-alpha',
99 silly addNameRange     '1.0.0-beta',
99 silly addNameRange     '1.0.1-beta',
99 silly addNameRange     '1.0.2-beta',
99 silly addNameRange     '1.0.5-beta',
99 silly addNameRange     '1.0.6-beta',
99 silly addNameRange     '1.0.7',
99 silly addNameRange     '1.0.8',
99 silly addNameRange     '1.0.9',
99 silly addNameRange     '1.0.10',
99 silly addNameRange     '1.0.11',
99 silly addNameRange     '1.0.12',
99 silly addNameRange     '0.5.0-a' ] ]
100 verbose addNamed [ 'easyrtc', '1.0.12' ]
101 verbose addNamed [ '1.0.12', '1.0.12' ]
102 silly lockFile 99aa8fa4-easyrtc-1-0-12 easyrtc@1.0.12
103 verbose lock easyrtc@1.0.12 C:\Users\yjst1_000\AppData\Roaming\npm-cache\99aa8fa4-easyrtc-1-0-12.lock
104 silly lockFile 2806e71e-s-org-easyrtc-easyrtc-1-0-12-tgz https://registry.npmjs.org/easyrtc/-/easyrtc-1.0.12.tgz
105 verbose lock https://registry.npmjs.org/easyrtc/-/easyrtc-1.0.12.tgz C:\Users\yjst1_000\AppData\Roaming\npm-cache\2806e71e-s-org-easyrtc-easyrtc-1-0-12-tgz.lock
106 verbose addRemoteTarball [ 'https://registry.npmjs.org/easyrtc/-/easyrtc-1.0.12.tgz',
106 verbose addRemoteTarball   'a44331776a0c7f0f4cf8e3124a761c3005804b5b' ]
107 info retry fetch attempt 1 at 19:37:11
108 verbose fetch to= C:\Users\YJST1_~1\AppData\Local\Temp\npm-8788-cVQgD12s\registry.npmjs.org\easyrtc\-\easyrtc-1.0.12.tgz
109 http GET https://registry.npmjs.org/easyrtc/-/easyrtc-1.0.12.tgz
110 silly lockFile 65e17ce9-s-org-express-express-4-10-4-tgz https://registry.npmjs.org/express/-/express-4.10.4.tgz
111 silly lockFile 65e17ce9-s-org-express-express-4-10-4-tgz https://registry.npmjs.org/express/-/express-4.10.4.tgz
112 silly lockFile c05f2c08-express-4-10-4 express@4.10.4
113 silly lockFile c05f2c08-express-4-10-4 express@4.10.4
114 silly lockFile 8ad1ad64-express express@*
115 silly lockFile 8ad1ad64-express express@*
116 http 200 https://registry.npmjs.org/easyrtc/-/easyrtc-1.0.12.tgz
117 silly lockFile 2806e71e-s-org-easyrtc-easyrtc-1-0-12-tgz https://registry.npmjs.org/easyrtc/-/easyrtc-1.0.12.tgz
118 silly lockFile 2806e71e-s-org-easyrtc-easyrtc-1-0-12-tgz https://registry.npmjs.org/easyrtc/-/easyrtc-1.0.12.tgz
119 silly lockFile 99aa8fa4-easyrtc-1-0-12 easyrtc@1.0.12
120 silly lockFile 99aa8fa4-easyrtc-1-0-12 easyrtc@1.0.12
121 silly lockFile 3bb3c541-easyrtc-1-0-x easyrtc@1.0.x
122 silly lockFile 3bb3c541-easyrtc-1-0-x easyrtc@1.0.x
123 error Error: shasum check failed for C:\Users\YJST1_~1\AppData\Local\Temp\npm-8788-cVQgD12s\registry.npmjs.org\easyrtc\-\easyrtc-1.0.12.tgz
123 error Expected: a44331776a0c7f0f4cf8e3124a761c3005804b5b
123 error Actual:   37eeaaf474bc0583a865e3701679251b9b76a5ef
123 error From:     https://registry.npmjs.org/easyrtc/-/easyrtc-1.0.12.tgz
123 error     at d:\nodejs\node_modules\npm\node_modules\sha\index.js:38:8
123 error     at ReadStream.<anonymous> (d:\nodejs\node_modules\npm\node_modules\sha\index.js:85:7)
123 error     at ReadStream.emit (events.js:117:20)
123 error     at _stream_readable.js:943:16
123 error     at process._tickCallback (node.js:419:13)
124 error If you need help, you may report this *entire* log,
124 error including the npm and node versions, at:
124 error     <http://github.com/npm/npm/issues>
125 error System Windows_NT 6.2.9200
126 error command "d:\\nodejs\\node.exe" "d:\\nodejs\\node_modules\\npm\\bin\\npm-cli.js" "install"
127 error cwd e:\Code\Node.js\ChatRoom
128 error node -v v0.10.33
129 error npm -v 1.4.28
130 verbose exit [ 1, true ]
